<?xml version="1.0" encoding="UTF-8"?>
<!-- Generated by org.testng.reporters.JUnitReportReporter -->
<testsuite hostname="DESKTOP-SOLO05V" name="pageobject.extentreport" tests="1" failures="0" timestamp="12 Apr 2020 13:03:52 GMT" time="21.114" errors="0">
  <testcase name="rep" time="21.114" classname="pageobject.extentreport"/>
</testsuite> <!-- pageobject.extentreport -->
