<?xml version="1.0" encoding="UTF-8"?>
<!-- Generated by org.testng.reporters.JUnitReportReporter -->
<testsuite hostname="DESKTOP-SOLO05V" name="utils.basesetup2" tests="1" failures="0" timestamp="6 Apr 2020 04:49:52 GMT" time="0.007" errors="0">
  <testcase name="Test" time="0.007" classname="utils.basesetup2"/>
</testsuite> <!-- utils.basesetup2 -->
