<?xml version="1.0" encoding="UTF-8"?>
<!-- Generated by org.testng.reporters.JUnitReportReporter -->
<testsuite hostname="DESKTOP-SOLO05V" name="pageobject.loginpageobject" tests="1" failures="0" timestamp="13 Mar 2020 02:05:14 GMT" time="0.006" errors="0">
  <testcase name="pal" time="0.006" classname="pageobject.loginpageobject"/>
</testsuite> <!-- pageobject.loginpageobject -->
