<?xml version="1.0" encoding="UTF-8"?>
<!-- Generated by org.testng.reporters.JUnitReportReporter -->
<testsuite hostname="DESKTOP-SOLO05V" name="testcases.dropdown" tests="1" failures="0" timestamp="29 Mar 2020 06:48:20 GMT" time="19.025" errors="0">
  <testcase name="dd" time="19.025" classname="testcases.dropdown"/>
</testsuite> <!-- testcases.dropdown -->
