<?xml version="1.0" encoding="UTF-8"?>
<!-- Generated by org.testng.reporters.JUnitReportReporter -->
<testsuite hostname="DESKTOP-SOLO05V" name="testcases.testcase1" tests="1" failures="0" timestamp="3 May 2020 07:52:32 GMT" time="32.889" errors="0">
  <testcase name="testcasenum1" time="32.889" classname="testcases.testcase1"/>
</testsuite> <!-- testcases.testcase1 -->
