<?xml version="1.0" encoding="UTF-8"?>
<!-- Generated by org.testng.reporters.JUnitReportReporter -->
<testsuite hostname="DESKTOP-SOLO05V" name="testcases.testcase4" tests="1" failures="0" timestamp="3 May 2020 09:23:11 GMT" time="0.000" errors="0">
  <testcase name="testcasenum4" time="0.000" classname="testcases.testcase4"/>
</testsuite> <!-- testcases.testcase4 -->
