<?xml version="1.0" encoding="UTF-8"?>
<!-- Generated by org.testng.reporters.JUnitReportReporter -->
<testsuite hostname="DESKTOP-SOLO05V" name="utils.base3" tests="1" failures="0" timestamp="5 Apr 2020 15:00:13 GMT" time="11.949" errors="0">
  <testcase name="extentReportsDemo" time="11.949" classname="utils.base3"/>
</testsuite> <!-- utils.base3 -->
