<?xml version="1.0" encoding="UTF-8"?>
<!-- Generated by org.testng.reporters.JUnitReportReporter -->
<testsuite hostname="DESKTOP-SOLO05V" name="testcases.testcase3" tests="1" failures="0" timestamp="3 May 2020 09:23:11 GMT" time="13.683" errors="0">
  <testcase name="testcasenum3" time="13.683" classname="testcases.testcase3"/>
</testsuite> <!-- testcases.testcase3 -->
