<?xml version="1.0" encoding="UTF-8"?>
<!-- Generated by org.testng.reporters.JUnitReportReporter -->
<testsuite hostname="DESKTOP-SOLO05V" name="utils.base2" tests="1" failures="0" timestamp="5 Apr 2020 17:30:08 GMT" time="11.869" errors="0">
  <testcase name="tests" time="11.869" classname="utils.base2"/>
</testsuite> <!-- utils.base2 -->
